<?xml version="1.0" encoding="UTF-8"?>
<coverage generated="1652179058042" clover="3.2.0">
  <project timestamp="1652179058043" name="All files">
    <metrics statements="17" coveredstatements="17" conditionals="4" coveredconditionals="4" methods="7" coveredmethods="7" elements="28" coveredelements="28" complexity="0" loc="17" ncloc="17" packages="1" files="4" classes="4"/>
    <file name="calculator.js" path="C:\Users\ppmar\MICROVERSE\testing-exercise-AAA-Jest\calculator.js">
      <metrics statements="5" coveredstatements="5" conditionals="0" coveredconditionals="0" methods="4" coveredmethods="4"/>
      <line num="3" count="1" type="stmt"/>
      <line num="7" count="1" type="stmt"/>
      <line num="11" count="1" type="stmt"/>
      <line num="15" count="1" type="stmt"/>
      <line num="19" count="1" type="stmt"/>
    </file>
    <file name="capitalize.js" path="C:\Users\ppmar\MICROVERSE\testing-exercise-AAA-Jest\capitalize.js">
      <metrics statements="3" coveredstatements="3" conditionals="0" coveredconditionals="0" methods="1" coveredmethods="1"/>
      <line num="1" count="1" type="stmt"/>
      <line num="2" count="1" type="stmt"/>
      <line num="5" count="1" type="stmt"/>
    </file>
    <file name="reverse-string.js" path="C:\Users\ppmar\MICROVERSE\testing-exercise-AAA-Jest\reverse-string.js">
      <metrics statements="2" coveredstatements="2" conditionals="0" coveredconditionals="0" methods="1" coveredmethods="1"/>
      <line num="1" count="2" type="stmt"/>
      <line num="3" count="1" type="stmt"/>
    </file>
    <file name="string-length.js" path="C:\Users\ppmar\MICROVERSE\testing-exercise-AAA-Jest\string-length.js">
      <metrics statements="7" coveredstatements="7" conditionals="4" coveredconditionals="4" methods="1" coveredmethods="1"/>
      <line num="1" count="1" type="stmt"/>
      <line num="2" count="3" type="cond" truecount="2" falsecount="0"/>
      <line num="3" count="1" type="stmt"/>
      <line num="4" count="2" type="cond" truecount="2" falsecount="0"/>
      <line num="5" count="1" type="stmt"/>
      <line num="7" count="1" type="stmt"/>
      <line num="11" count="1" type="stmt"/>
    </file>
  </project>
</coverage>
